<?xml version="1.0" encoding="UTF-8"?>
<!-- Generated by org.testng.reporters.JUnitReportReporter -->
<testsuite hostname="DESKTOP-JR3NMG7" failures="0" tests="5" name="tests.api.NegativeAPITests" time="6.333" errors="0" timestamp="2023-02-26T23:00:23 CET" skipped="0">
  <testcase classname="tests.api.NegativeAPITests" name="createPlayerNegativeTest" time="0.430"/>
  <system-out/>
  <testcase classname="tests.api.NegativeAPITests" name="getAllPlayersNegativeTest" time="0.321"/>
  <system-out/>
  <testcase classname="tests.api.NegativeAPITests" name="getPlayerByIdNegativeTest" time="0.288"/>
  <system-out/>
  <testcase classname="tests.api.NegativeAPITests" name="UpdatePlayerNegativeTest" time="4.404"/>
  <system-out/>
  <testcase classname="tests.api.NegativeAPITests" name="deletePlayerNegativeTest" time="0.890"/>
  <system-out/>
</testsuite> <!-- tests.api.NegativeAPITests -->
